<?xml version="1.0" encoding="UTF-8"?>
<!-- Generated by org.testng.reporters.JUnitXMLReporter -->
<testsuite hostname="imd" name="Default test" tests="7" failures="0" timestamp="14 Mar 2015 13:51:08 GMT" time="0.033" errors="0">
  <testcase name="f" time="0.008" classname="test.DutoPetroleTestNG"/>
  <testcase name="f" time="0.001" classname="test.DutoPetroleTestNG"/>
  <testcase name="f" time="0.001" classname="test.DutoPetroleTestNG"/>
  <testcase name="f" time="0.001" classname="test.DutoPetroleTestNG"/>
  <testcase name="f" time="0.001" classname="test.DutoPetroleTestNG"/>
  <testcase name="f" time="0.001" classname="test.DutoPetroleTestNG"/>
  <testcase name="f" time="0.001" classname="test.DutoPetroleTestNG"/>
</testsuite> <!-- Default test -->
