<?xml version="1.0" encoding="UTF-8"?>
<testng-results skipped="0" failed="0" total="7" passed="7">
  <reporter-output>
  </reporter-output>
  <suite name="Default suite" duration-ms="33" started-at="2015-03-14T13:51:08Z" finished-at="2015-03-14T13:51:08Z">
    <groups>
    </groups>
    <test name="Default test" duration-ms="33" started-at="2015-03-14T13:51:08Z" finished-at="2015-03-14T13:51:08Z">
      <class name="test.DutoPetroleTestNG">
        <test-method status="PASS" signature="setUp()[pri:0, instance:test.DutoPetroleTestNG@de0a01f]" name="setUp" is-config="true" duration-ms="8" started-at="2015-03-14T10:51:08Z" finished-at="2015-03-14T10:51:08Z">
          <reporter-output>
          </reporter-output>
        </test-method> <!-- setUp -->
        <test-method status="PASS" signature="f(java.lang.Integer, double, src.Risco)[pri:0, instance:test.DutoPetroleTestNG@de0a01f]" name="f" duration-ms="8" started-at="2015-03-14T10:51:08Z" data-provider="dp" finished-at="2015-03-14T10:51:08Z">
          <params>
            <param index="0">
              <value>
                <![CDATA[15]]>
              </value>
            </param>
            <param index="1">
              <value>
                <![CDATA[30.0]]>
              </value>
            </param>
            <param index="2">
              <value>
                <![CDATA[BAIXO]]>
              </value>
            </param>
          </params>
          <reporter-output>
          </reporter-output>
        </test-method> <!-- f -->
        <test-method status="PASS" signature="f(java.lang.Integer, double, src.Risco)[pri:0, instance:test.DutoPetroleTestNG@de0a01f]" name="f" duration-ms="1" started-at="2015-03-14T10:51:08Z" data-provider="dp" finished-at="2015-03-14T10:51:08Z">
          <params>
            <param index="0">
              <value>
                <![CDATA[30]]>
              </value>
            </param>
            <param index="1">
              <value>
                <![CDATA[70.0]]>
              </value>
            </param>
            <param index="2">
              <value>
                <![CDATA[BAIXO]]>
              </value>
            </param>
          </params>
          <reporter-output>
          </reporter-output>
        </test-method> <!-- f -->
        <test-method status="PASS" signature="f(java.lang.Integer, double, src.Risco)[pri:0, instance:test.DutoPetroleTestNG@de0a01f]" name="f" duration-ms="1" started-at="2015-03-14T10:51:08Z" data-provider="dp" finished-at="2015-03-14T10:51:08Z">
          <params>
            <param index="0">
              <value>
                <![CDATA[31]]>
              </value>
            </param>
            <param index="1">
              <value>
                <![CDATA[40.0]]>
              </value>
            </param>
            <param index="2">
              <value>
                <![CDATA[MEDIO]]>
              </value>
            </param>
          </params>
          <reporter-output>
          </reporter-output>
        </test-method> <!-- f -->
        <test-method status="PASS" signature="f(java.lang.Integer, double, src.Risco)[pri:0, instance:test.DutoPetroleTestNG@de0a01f]" name="f" duration-ms="1" started-at="2015-03-14T10:51:08Z" data-provider="dp" finished-at="2015-03-14T10:51:08Z">
          <params>
            <param index="0">
              <value>
                <![CDATA[60]]>
              </value>
            </param>
            <param index="1">
              <value>
                <![CDATA[60.0]]>
              </value>
            </param>
            <param index="2">
              <value>
                <![CDATA[MEDIO]]>
              </value>
            </param>
          </params>
          <reporter-output>
          </reporter-output>
        </test-method> <!-- f -->
        <test-method status="PASS" signature="f(java.lang.Integer, double, src.Risco)[pri:0, instance:test.DutoPetroleTestNG@de0a01f]" name="f" duration-ms="1" started-at="2015-03-14T10:51:08Z" data-provider="dp" finished-at="2015-03-14T10:51:08Z">
          <params>
            <param index="0">
              <value>
                <![CDATA[61]]>
              </value>
            </param>
            <param index="1">
              <value>
                <![CDATA[10.0]]>
              </value>
            </param>
            <param index="2">
              <value>
                <![CDATA[ALTO]]>
              </value>
            </param>
          </params>
          <reporter-output>
          </reporter-output>
        </test-method> <!-- f -->
        <test-method status="PASS" signature="f(java.lang.Integer, double, src.Risco)[pri:0, instance:test.DutoPetroleTestNG@de0a01f]" name="f" duration-ms="1" started-at="2015-03-14T10:51:08Z" data-provider="dp" finished-at="2015-03-14T10:51:08Z">
          <params>
            <param index="0">
              <value>
                <![CDATA[0]]>
              </value>
            </param>
            <param index="1">
              <value>
                <![CDATA[71.0]]>
              </value>
            </param>
            <param index="2">
              <value>
                <![CDATA[ALTO]]>
              </value>
            </param>
          </params>
          <reporter-output>
          </reporter-output>
        </test-method> <!-- f -->
        <test-method status="PASS" signature="f(java.lang.Integer, double, src.Risco)[pri:0, instance:test.DutoPetroleTestNG@de0a01f]" name="f" duration-ms="1" started-at="2015-03-14T10:51:08Z" data-provider="dp" finished-at="2015-03-14T10:51:08Z">
          <params>
            <param index="0">
              <value>
                <![CDATA[20]]>
              </value>
            </param>
            <param index="1">
              <value>
                <![CDATA[15.0]]>
              </value>
            </param>
            <param index="2">
              <value>
                <![CDATA[NAO_AVALIADO]]>
              </value>
            </param>
          </params>
          <reporter-output>
          </reporter-output>
        </test-method> <!-- f -->
      </class> <!-- test.DutoPetroleTestNG -->
    </test> <!-- Default test -->
  </suite> <!-- Default suite -->
</testng-results>
